2022-06-22 15:30:46 - INFO  - Starting EmployeRepositoryTest on LAPTOP-RK1M8P6C with PID 19292 (started by toupi in C:\Users\toupi\dev\qualite logiciel\ipi-java-350-ex)
2022-06-22 15:30:46 - INFO  - No active profile set, falling back to default profiles: default
2022-06-22 15:30:50 - INFO  - Started EmployeRepositoryTest in 4.276 seconds (JVM running for 6.463)
2022-06-22 15:32:34 - INFO  - Embauche de l'employé John Doe diplômé de MASTER en tant que COMMERCIAL avec un taux d'activité de 1.0 
2022-06-22 15:32:34 - INFO  - Embauche de l'employé John Doe diplômé de MASTER en tant que COMMERCIAL avec un taux d'activité de 1.0 
2022-06-22 15:32:34 - INFO  - Embauche de l'employé John Doe diplômé de MASTER en tant que COMMERCIAL avec un taux d'activité de 1.0 
2022-06-22 15:32:34 - ERROR - Limite des 100000 matricules atteinte !
2022-06-22 15:32:34 - INFO  - Embauche de l'employé John Doe diplômé de MASTER en tant que COMMERCIAL avec un taux d'activité de 1.0 
2022-06-22 15:32:34 - INFO  - Embauche de l'employé John Doe diplômé de MASTER en tant que COMMERCIAL avec un taux d'activité de 1.0 
2022-06-22 15:32:35 - INFO  - Starting EmployeRepositoryTest on LAPTOP-RK1M8P6C with PID 18236 (started by toupi in C:\Users\toupi\dev\qualite logiciel\ipi-java-350-ex)
2022-06-22 15:32:35 - INFO  - No active profile set, falling back to default profiles: default
2022-06-22 15:32:38 - INFO  - Started EmployeRepositoryTest in 3.365 seconds (JVM running for 5.774)
2022-06-22 15:33:47 - INFO  - Embauche de l'employé John Doe diplômé de MASTER en tant que COMMERCIAL avec un taux d'activité de 1.0 
2022-06-22 15:33:47 - INFO  - Embauche de l'employé John Doe diplômé de MASTER en tant que COMMERCIAL avec un taux d'activité de 1.0 
2022-06-22 15:33:47 - INFO  - Embauche de l'employé John Doe diplômé de MASTER en tant que COMMERCIAL avec un taux d'activité de 1.0 
2022-06-22 15:33:47 - ERROR - Limite des 100000 matricules atteinte !
2022-06-22 15:33:47 - INFO  - Embauche de l'employé John Doe diplômé de MASTER en tant que COMMERCIAL avec un taux d'activité de 1.0 
2022-06-22 15:33:47 - INFO  - Embauche de l'employé John Doe diplômé de MASTER en tant que COMMERCIAL avec un taux d'activité de 1.0 
2022-06-22 15:33:48 - INFO  - Starting EmployeRepositoryTest on LAPTOP-RK1M8P6C with PID 21916 (started by toupi in C:\Users\toupi\dev\qualite logiciel\ipi-java-350-ex)
2022-06-22 15:33:48 - INFO  - No active profile set, falling back to default profiles: default
2022-06-22 15:33:52 - INFO  - Started EmployeRepositoryTest in 3.649 seconds (JVM running for 6.162)
2022-06-22 15:37:02 - INFO  - Embauche de l'employé John Doe diplômé de MASTER en tant que COMMERCIAL avec un taux d'activité de 1.0 
2022-06-22 15:37:03 - INFO  - Starting EmployeServiceTest on LAPTOP-RK1M8P6C with PID 6492 (started by toupi in C:\Users\toupi\dev\qualite logiciel\ipi-java-350-ex)
2022-06-22 15:37:03 - INFO  - No active profile set, falling back to default profiles: default
2022-06-22 15:37:07 - INFO  - Started EmployeServiceTest in 4.001 seconds (JVM running for 6.08)
2022-06-22 15:37:07 - INFO  - Embauche de l'employé John Doe diplômé de MASTER en tant que COMMERCIAL avec un taux d'activité de 1.0 
2022-06-22 15:38:03 - INFO  - Starting EmployeServiceIntegrationTest on LAPTOP-RK1M8P6C with PID 19664 (started by toupi in C:\Users\toupi\dev\qualite logiciel\ipi-java-350-ex)
2022-06-22 15:38:03 - INFO  - No active profile set, falling back to default profiles: default
2022-06-22 15:38:06 - INFO  - Started EmployeServiceIntegrationTest in 3.582 seconds (JVM running for 5.149)
2022-06-22 15:38:06 - INFO  - Embauche de l'employé John Doe diplômé de MASTER en tant que COMMERCIAL avec un taux d'activité de 1.0 
2022-06-22 15:38:07 - INFO  - Embauche de l'employé John Doe diplômé de MASTER en tant que COMMERCIAL avec un taux d'activité de 1.0 
2022-06-22 15:38:07 - INFO  - Embauche de l'employé John Doe diplômé de MASTER en tant que COMMERCIAL avec un taux d'activité de 1.0 
2022-06-22 15:38:07 - ERROR - Limite des 100000 matricules atteinte !
2022-06-22 15:38:07 - INFO  - Embauche de l'employé John Doe diplômé de MASTER en tant que COMMERCIAL avec un taux d'activité de 1.0 
2022-06-22 15:38:07 - INFO  - Embauche de l'employé John Doe diplômé de MASTER en tant que COMMERCIAL avec un taux d'activité de 1.0 
2022-06-22 15:39:31 - INFO  - Starting EmployeServiceIntegrationTest on LAPTOP-RK1M8P6C with PID 10300 (started by toupi in C:\Users\toupi\dev\qualite logiciel\ipi-java-350-ex)
2022-06-22 15:39:31 - INFO  - No active profile set, falling back to default profiles: default
2022-06-22 15:39:34 - INFO  - Started EmployeServiceIntegrationTest in 3.628 seconds (JVM running for 5.166)
2022-06-22 15:39:35 - INFO  - Embauche de l'employé John Doe diplômé de MASTER en tant que COMMERCIAL avec un taux d'activité de 1.0 
2022-06-22 15:39:35 - INFO  - Embauche de l'employé John Doe diplômé de MASTER en tant que COMMERCIAL avec un taux d'activité de 1.0 
2022-06-22 15:39:35 - INFO  - Embauche de l'employé John Doe diplômé de MASTER en tant que COMMERCIAL avec un taux d'activité de 1.0 
2022-06-22 15:39:35 - ERROR - Limite des 100000 matricules atteinte !
2022-06-22 15:39:35 - INFO  - Embauche de l'employé John Doe diplômé de MASTER en tant que COMMERCIAL avec un taux d'activité de 1.0 
2022-06-22 15:39:35 - INFO  - Embauche de l'employé John Doe diplômé de MASTER en tant que COMMERCIAL avec un taux d'activité de 1.0 
2022-06-22 15:40:26 - INFO  - Starting EmployeServiceIntegrationTest on LAPTOP-RK1M8P6C with PID 14016 (started by toupi in C:\Users\toupi\dev\qualite logiciel\ipi-java-350-ex)
2022-06-22 15:40:26 - INFO  - No active profile set, falling back to default profiles: default
2022-06-22 15:40:30 - INFO  - Started EmployeServiceIntegrationTest in 3.845 seconds (JVM running for 5.513)
2022-06-22 15:40:30 - INFO  - Embauche de l'employé John Doe diplômé de MASTER en tant que COMMERCIAL avec un taux d'activité de 1.0 
2022-06-22 15:40:30 - INFO  - Embauche de l'employé John Doe diplômé de MASTER en tant que COMMERCIAL avec un taux d'activité de 1.0 
2022-06-22 15:40:30 - INFO  - Embauche de l'employé John Doe diplômé de MASTER en tant que COMMERCIAL avec un taux d'activité de 1.0 
2022-06-22 15:40:30 - ERROR - Limite des 100000 matricules atteinte !
2022-06-22 15:40:30 - INFO  - Embauche de l'employé John Doe diplômé de MASTER en tant que COMMERCIAL avec un taux d'activité de 1.0 
2022-06-22 15:40:30 - INFO  - Embauche de l'employé John Doe diplômé de MASTER en tant que COMMERCIAL avec un taux d'activité de 1.0 
2022-06-22 15:46:34 - INFO  - Embauche de l'employé John Doe diplômé de MASTER en tant que COMMERCIAL avec un taux d'activité de 1.0 
2022-06-22 15:46:49 - INFO  - Embauche de l'employé John Doe diplômé de MASTER en tant que COMMERCIAL avec un taux d'activité de 1.0 
2022-06-22 15:49:14 - INFO  - Embauche de l'employé John Doe diplômé de MASTER en tant que COMMERCIAL avec un taux d'activité de 1.0 
2022-06-22 15:49:32 - INFO  - Embauche de l'employé John Doe diplômé de MASTER en tant que COMMERCIAL avec un taux d'activité de 1.0 
2022-06-22 15:49:32 - INFO  - Embauche de l'employé John Doe diplômé de MASTER en tant que COMMERCIAL avec un taux d'activité de 1.0 
2022-06-22 15:49:32 - ERROR - Limite des 100000 matricules atteinte !
2022-06-22 15:49:32 - INFO  - Embauche de l'employé John Doe diplômé de MASTER en tant que COMMERCIAL avec un taux d'activité de 1.0 
2022-06-22 15:49:32 - INFO  - Embauche de l'employé John Doe diplômé de MASTER en tant que COMMERCIAL avec un taux d'activité de 1.0 
2022-06-22 15:51:24 - INFO  - Embauche de l'employé John Doe diplômé de MASTER en tant que COMMERCIAL avec un taux d'activité de 1.0 
2022-06-22 15:51:57 - INFO  - Embauche de l'employé John Doe diplômé de MASTER en tant que COMMERCIAL avec un taux d'activité de 1.0 
2022-06-22 15:52:54 - INFO  - Embauche de l'employé John Doe diplômé de MASTER en tant que COMMERCIAL avec un taux d'activité de 1.0 
2022-06-22 15:55:27 - INFO  - Embauche de l'employé John Doe diplômé de MASTER en tant que COMMERCIAL avec un taux d'activité de 1.0 
2022-06-22 15:55:31 - INFO  - Embauche de l'employé John Doe diplômé de MASTER en tant que COMMERCIAL avec un taux d'activité de 1.0 
2022-06-22 16:00:02 - INFO  - Starting EmployeServiceIntegrationTest on LAPTOP-RK1M8P6C with PID 19200 (started by toupi in C:\Users\toupi\dev\qualite logiciel\ipi-java-350-ex)
2022-06-22 16:00:02 - INFO  - No active profile set, falling back to default profiles: default
2022-06-22 16:00:06 - INFO  - Started EmployeServiceIntegrationTest in 4.177 seconds (JVM running for 5.631)
2022-06-22 16:00:06 - INFO  - Embauche de l'employé John Doe diplômé de MASTER en tant que COMMERCIAL avec un taux d'activité de 1.0 
2022-06-22 16:00:07 - INFO  - Embauche de l'employé John Doe diplômé de MASTER en tant que COMMERCIAL avec un taux d'activité de 1.0 
2022-06-22 16:00:07 - INFO  - Embauche de l'employé John Doe diplômé de MASTER en tant que COMMERCIAL avec un taux d'activité de 1.0 
2022-06-22 16:00:07 - ERROR - Limite des 100000 matricules atteinte !
2022-06-22 16:00:07 - INFO  - Embauche de l'employé John Doe diplômé de MASTER en tant que COMMERCIAL avec un taux d'activité de 1.0 
2022-06-22 16:00:07 - INFO  - Embauche de l'employé John Doe diplômé de MASTER en tant que COMMERCIAL avec un taux d'activité de 1.0 
2022-06-22 16:10:35 - INFO  - Starting EmployeServiceIntegrationTest on LAPTOP-RK1M8P6C with PID 10048 (started by toupi in C:\Users\toupi\dev\qualite logiciel\ipi-java-350-ex)
2022-06-22 16:10:35 - INFO  - No active profile set, falling back to default profiles: default
2022-06-22 16:10:38 - INFO  - Started EmployeServiceIntegrationTest in 3.486 seconds (JVM running for 4.798)
2022-06-22 16:10:38 - INFO  - Embauche de l'employé John Doe diplômé de MASTER en tant que COMMERCIAL avec un taux d'activité de 1.0 
2022-06-22 16:10:39 - INFO  - Embauche de l'employé John Doe diplômé de MASTER en tant que COMMERCIAL avec un taux d'activité de 1.0 
2022-06-22 16:10:39 - INFO  - Embauche de l'employé John Doe diplômé de MASTER en tant que COMMERCIAL avec un taux d'activité de 1.0 
2022-06-22 16:10:39 - ERROR - Limite des 100000 matricules atteinte !
2022-06-22 16:10:39 - INFO  - Embauche de l'employé John Doe diplômé de MASTER en tant que COMMERCIAL avec un taux d'activité de 1.0 
2022-06-22 16:10:39 - INFO  - Embauche de l'employé John Doe diplômé de MASTER en tant que COMMERCIAL avec un taux d'activité de 1.0 
2022-06-22 16:13:23 - INFO  - Starting EmployeServiceIntegrationTest on LAPTOP-RK1M8P6C with PID 19128 (started by toupi in C:\Users\toupi\dev\qualite logiciel\ipi-java-350-ex)
2022-06-22 16:13:23 - INFO  - No active profile set, falling back to default profiles: default
2022-06-22 16:13:26 - INFO  - Started EmployeServiceIntegrationTest in 3.457 seconds (JVM running for 4.772)
2022-06-22 16:13:26 - INFO  - Embauche de l'employé John Doe diplômé de MASTER en tant que COMMERCIAL avec un taux d'activité de 1.0 
2022-06-22 16:13:27 - INFO  - Embauche de l'employé John Doe diplômé de MASTER en tant que COMMERCIAL avec un taux d'activité de 1.0 
2022-06-22 16:13:27 - INFO  - Embauche de l'employé John Doe diplômé de MASTER en tant que COMMERCIAL avec un taux d'activité de 1.0 
2022-06-22 16:13:27 - ERROR - Limite des 100000 matricules atteinte !
2022-06-22 16:13:27 - INFO  - Embauche de l'employé John Doe diplômé de MASTER en tant que COMMERCIAL avec un taux d'activité de 1.0 
2022-06-22 16:13:27 - INFO  - Embauche de l'employé John Doe diplômé de MASTER en tant que COMMERCIAL avec un taux d'activité de 1.0 
2022-06-22 16:13:34 - INFO  - Embauche de l'employé John Doe diplômé de MASTER en tant que COMMERCIAL avec un taux d'activité de 1.0 
2022-06-22 16:15:02 - INFO  - Embauche de l'employé John Doe diplômé de MASTER en tant que COMMERCIAL avec un taux d'activité de 1.0 
2022-06-22 16:15:59 - INFO  - Embauche de l'employé John Doe diplômé de MASTER en tant que COMMERCIAL avec un taux d'activité de 1.0 
2022-06-22 16:56:32 - INFO  - Starting EmployeServiceIntegrationTest on LAPTOP-RK1M8P6C with PID 15440 (started by toupi in C:\Users\toupi\dev\qualite logiciel\ipi-java-350-ex)
2022-06-22 16:56:32 - INFO  - No active profile set, falling back to default profiles: default
2022-06-22 16:56:35 - INFO  - Started EmployeServiceIntegrationTest in 3.804 seconds (JVM running for 13.287)
2022-06-22 16:56:35 - INFO  - Embauche de l'employé John Doe diplômé de MASTER en tant que COMMERCIAL avec un taux d'activité de 1.0 
2022-06-22 16:56:36 - INFO  - Embauche de l'employé John Doe diplômé de MASTER en tant que COMMERCIAL avec un taux d'activité de 1.0 
2022-06-22 16:56:36 - INFO  - Embauche de l'employé John Doe diplômé de MASTER en tant que COMMERCIAL avec un taux d'activité de 1.0 
2022-06-22 16:56:36 - ERROR - Limite des 100000 matricules atteinte !
2022-06-22 16:56:36 - INFO  - Embauche de l'employé John Doe diplômé de MASTER en tant que COMMERCIAL avec un taux d'activité de 1.0 
2022-06-22 16:56:36 - INFO  - Embauche de l'employé John Doe diplômé de MASTER en tant que COMMERCIAL avec un taux d'activité de 1.0 
